[0421/173919.045:ERROR:process_memory_win.cc(73)] ReadMemory at 0x18edde90000 of 64 bytes failed: Seule une partie d’une requête ReadProcessMemory ou WriteProcessMemory a été effectuée. (0x12B)
[0421/173919.047:WARNING:pe_image_reader.cc(340)] could not read dos header from C:\WINDOWS\System32\sechost.dll
[0421/173919.047:ERROR:process_memory_win.cc(73)] ReadMemory at 0x7ffddad50000 of 64 bytes failed: Seule une partie d’une requête ReadProcessMemory ou WriteProcessMemory a été effectuée. (0x12B)
[0421/173919.047:WARNING:pe_image_reader.cc(340)] could not read dos header from C:\Program Files (x86)\Google\Chrome\Application\81.0.4044.113\chrome.dll
[0421/173919.050:ERROR:process_memory_win.cc(73)] ReadMemory at 0x7ff7e0e80000 of 64 bytes failed: Seule une partie d’une requête ReadProcessMemory ou WriteProcessMemory a été effectuée. (0x12B)
[0421/173919.050:WARNING:pe_image_reader.cc(340)] could not read dos header from C:\Program Files (x86)\Google\Chrome\Application\chrome.exe
[0421/173919.050:ERROR:process_memory_win.cc(73)] ReadMemory at 0x7ff7e0e80000 of 64 bytes failed: Seule une partie d’une requête ReadProcessMemory ou WriteProcessMemory a été effectuée. (0x12B)
[0421/173919.050:WARNING:pe_image_reader.cc(340)] could not read dos header from C:\Program Files (x86)\Google\Chrome\Application\chrome.exe
[0421/173919.051:ERROR:process_memory_win.cc(73)] ReadMemory at 0x18eddf83730 of 72 bytes failed: Seule une partie d’une requête ReadProcessMemory ou WriteProcessMemory a été effectuée. (0x12B)
[0421/173919.051:WARNING:pe_image_annotations_reader.cc(134)] could not read annotations list object in C:\Program Files (x86)\Google\Chrome\Application\81.0.4044.113\chrome_elf.dll
[0421/173919.051:ERROR:process_memory_win.cc(73)] ReadMemory at 0x18edde90000 of 64 bytes failed: Seule une partie d’une requête ReadProcessMemory ou WriteProcessMemory a été effectuée. (0x12B)
[0421/173919.051:WARNING:pe_image_reader.cc(340)] could not read dos header from C:\WINDOWS\System32\sechost.dll
[0421/173919.051:ERROR:process_memory_win.cc(73)] ReadMemory at 0x18edde90000 of 64 bytes failed: Seule une partie d’une requête ReadProcessMemory ou WriteProcessMemory a été effectuée. (0x12B)
[0421/173919.051:WARNING:pe_image_reader.cc(340)] could not read dos header from C:\WINDOWS\System32\sechost.dll
[0421/173919.051:ERROR:process_memory_win.cc(73)] ReadMemory at 0x7ffddad50000 of 64 bytes failed: Seule une partie d’une requête ReadProcessMemory ou WriteProcessMemory a été effectuée. (0x12B)
[0421/173919.051:WARNING:pe_image_reader.cc(340)] could not read dos header from C:\Program Files (x86)\Google\Chrome\Application\81.0.4044.113\chrome.dll
[0421/173919.051:ERROR:process_memory_win.cc(73)] ReadMemory at 0x7ffddad50000 of 64 bytes failed: Seule une partie d’une requête ReadProcessMemory ou WriteProcessMemory a été effectuée. (0x12B)
[0421/173919.051:WARNING:pe_image_reader.cc(340)] could not read dos header from C:\Program Files (x86)\Google\Chrome\Application\81.0.4044.113\chrome.dll
[0421/173919.051:ERROR:process_memory_win.cc(73)] ReadMemory at 0x7ffe3ccf0000 of 64 bytes failed: Seule une partie d’une requête ReadProcessMemory ou WriteProcessMemory a été effectuée. (0x12B)
[0421/173919.051:WARNING:pe_image_reader.cc(340)] could not read dos header from C:\WINDOWS\SYSTEM32\Secur32.dll
[0421/173919.054:ERROR:process_memory_win.cc(73)] ReadMemory at 0x7ffe3ccf0000 of 64 bytes failed: Seule une partie d’une requête ReadProcessMemory ou WriteProcessMemory a été effectuée. (0x12B)
[0421/173919.054:WARNING:pe_image_reader.cc(340)] could not read dos header from C:\WINDOWS\SYSTEM32\Secur32.dll
[0421/173919.054:ERROR:process_memory_win.cc(73)] ReadMemory at 0x7ffe2d720000 of 64 bytes failed: Seule une partie d’une requête ReadProcessMemory ou WriteProcessMemory a été effectuée. (0x12B)
[0421/173919.054:WARNING:pe_image_reader.cc(340)] could not read dos header from C:\WINDOWS\SYSTEM32\UIAutomationCore.DLL
[0421/173919.054:ERROR:process_memory_win.cc(73)] ReadMemory at 0x7ffe2d720000 of 64 bytes failed: Seule une partie d’une requête ReadProcessMemory ou WriteProcessMemory a été effectuée. (0x12B)
[0421/173919.054:WARNING:pe_image_reader.cc(340)] could not read dos header from C:\WINDOWS\SYSTEM32\UIAutomationCore.DLL
[0421/173919.054:ERROR:process_memory_win.cc(73)] ReadMemory at 0x7ffe44de0000 of 64 bytes failed: Seule une partie d’une requête ReadProcessMemory ou WriteProcessMemory a été effectuée. (0x12B)
[0421/173919.054:WARNING:pe_image_reader.cc(340)] could not read dos header from C:\WINDOWS\SYSTEM32\DWrite.dll
[0421/173919.055:ERROR:process_memory_win.cc(73)] ReadMemory at 0x7ffe44de0000 of 64 bytes failed: Seule une partie d’une requête ReadProcessMemory ou WriteProcessMemory a été effectuée. (0x12B)
[0421/173919.055:WARNING:pe_image_reader.cc(340)] could not read dos header from C:\WINDOWS\SYSTEM32\DWrite.dll
[0421/173919.055:ERROR:process_memory_win.cc(73)] ReadMemory at 0x7ffe465c0000 of 64 bytes failed: Seule une partie d’une requête ReadProcessMemory ou WriteProcessMemory a été effectuée. (0x12B)
[0421/173919.055:WARNING:pe_image_reader.cc(340)] could not read dos header from C:\WINDOWS\SYSTEM32\WINSPOOL.DRV
[0421/173919.055:ERROR:process_memory_win.cc(73)] ReadMemory at 0x7ffe465c0000 of 64 bytes failed: Seule une partie d’une requête ReadProcessMemory ou WriteProcessMemory a été effectuée. (0x12B)
[0421/173919.055:WARNING:pe_image_reader.cc(340)] could not read dos header from C:\WINDOWS\SYSTEM32\WINSPOOL.DRV
[0421/173919.055:ERROR:process_memory_win.cc(73)] ReadMemory at 0x7ffe58a50000 of 64 bytes failed: Seule une partie d’une requête ReadProcessMemory ou WriteProcessMemory a été effectuée. (0x12B)
[0421/173919.055:WARNING:pe_image_reader.cc(340)] could not read dos header from C:\WINDOWS\System32\kernel.appcore.dll
[0421/173919.055:ERROR:process_memory_win.cc(73)] ReadMemory at 0x7ffe58a50000 of 64 bytes failed: Seule une partie d’une requête ReadProcessMemory ou WriteProcessMemory a été effectuée. (0x12B)
[0421/173919.055:WARNING:pe_image_reader.cc(340)] could not read dos header from C:\WINDOWS\System32\kernel.appcore.dll
[0421/173919.055:ERROR:process_memory_win.cc(73)] ReadMemory at 0x7ffe59c00000 of 64 bytes failed: Seule une partie d’une requête ReadProcessMemory ou WriteProcessMemory a été effectuée. (0x12B)
[0421/173919.055:WARNING:pe_image_reader.cc(340)] could not read dos header from C:\WINDOWS\System32\bcrypt.dll
[0421/173919.056:ERROR:process_memory_win.cc(73)] ReadMemory at 0x7ffe59c00000 of 64 bytes failed: Seule une partie d’une requête ReadProcessMemory ou WriteProcessMemory a été effectuée. (0x12B)
[0421/173919.056:WARNING:pe_image_reader.cc(340)] could not read dos header from C:\WINDOWS\System32\bcrypt.dll
[0421/173919.056:ERROR:process_memory_win.cc(73)] ReadMemory at 0x7ffe54320000 of 64 bytes failed: Seule une partie d’une requête ReadProcessMemory ou WriteProcessMemory a été effectuée. (0x12B)
[0421/173919.056:WARNING:pe_image_reader.cc(340)] could not read dos header from C:\WINDOWS\SYSTEM32\dbghelp.dll
[0421/173919.056:ERROR:process_memory_win.cc(73)] ReadMemory at 0x7ffe54320000 of 64 bytes failed: Seule une partie d’une requête ReadProcessMemory ou WriteProcessMemory a été effectuée. (0x12B)
[0421/173919.056:WARNING:pe_image_reader.cc(340)] could not read dos header from C:\WINDOWS\SYSTEM32\dbghelp.dll
[0421/173919.056:ERROR:process_memory_win.cc(73)] ReadMemory at 0x7ffe483e0000 of 64 bytes failed: Seule une partie d’une requête ReadProcessMemory ou WriteProcessMemory a été effectuée. (0x12B)
[0421/173919.056:WARNING:pe_image_reader.cc(340)] could not read dos header from C:\WINDOWS\SYSTEM32\WINHTTP.dll
[0421/173919.056:ERROR:process_memory_win.cc(73)] ReadMemory at 0x7ffe483e0000 of 64 bytes failed: Seule une partie d’une requête ReadProcessMemory ou WriteProcessMemory a été effectuée. (0x12B)
[0421/173919.056:WARNING:pe_image_reader.cc(340)] could not read dos header from C:\WINDOWS\SYSTEM32\WINHTTP.dll
[0421/173919.056:ERROR:process_memory_win.cc(73)] ReadMemory at 0x7ffe4d1d0000 of 64 bytes failed: Seule une partie d’une requête ReadProcessMemory ou WriteProcessMemory a été effectuée. (0x12B)
[0421/173919.057:WARNING:pe_image_reader.cc(340)] could not read dos header from C:\WINDOWS\SYSTEM32\dhcpcsvc.DLL
[0421/173919.057:ERROR:process_memory_win.cc(73)] ReadMemory at 0x7ffe4d1d0000 of 64 bytes failed: Seule une partie d’une requête ReadProcessMemory ou WriteProcessMemory a été effectuée. (0x12B)
[0421/173919.057:WARNING:pe_image_reader.cc(340)] could not read dos header from C:\WINDOWS\SYSTEM32\dhcpcsvc.DLL
[0421/173919.057:ERROR:process_memory_win.cc(73)] ReadMemory at 0x7ffe5b4f0000 of 64 bytes failed: Seule une partie d’une requête ReadProcessMemory ou WriteProcessMemory a été effectuée. (0x12B)
[0421/173919.057:WARNING:pe_image_reader.cc(340)] could not read dos header from C:\WINDOWS\System32\NSI.dll
[0421/173919.057:ERROR:process_memory_win.cc(73)] ReadMemory at 0x7ffe5b4f0000 of 64 bytes failed: Seule une partie d’une requête ReadProcessMemory ou WriteProcessMemory a été effectuée. (0x12B)
[0421/173919.057:WARNING:pe_image_reader.cc(340)] could not read dos header from C:\WINDOWS\System32\NSI.dll
[0421/173919.057:ERROR:process_memory_win.cc(73)] ReadMemory at 0x7ffe53040000 of 64 bytes failed: Seule une partie d’une requête ReadProcessMemory ou WriteProcessMemory a été effectuée. (0x12B)
[0421/173919.057:WARNING:pe_image_reader.cc(340)] could not read dos header from C:\WINDOWS\SYSTEM32\WINMMBASE.dll
[0421/173919.057:ERROR:process_memory_win.cc(73)] ReadMemory at 0x7ffe53040000 of 64 bytes failed: Seule une partie d’une requête ReadProcessMemory ou WriteProcessMemory a été effectuée. (0x12B)
[0421/173919.057:WARNING:pe_image_reader.cc(340)] could not read dos header from C:\WINDOWS\SYSTEM32\WINMMBASE.dll
[0421/173919.057:ERROR:process_memory_win.cc(73)] ReadMemory at 0x7ffe58bf0000 of 64 bytes failed: Seule une partie d’une requête ReadProcessMemory ou WriteProcessMemory a été effectuée. (0x12B)
[0421/173919.057:WARNING:pe_image_reader.cc(340)] could not read dos header from C:\WINDOWS\System32\cfgmgr32.dll
[0421/173919.057:ERROR:process_memory_win.cc(73)] ReadMemory at 0x7ffe58bf0000 of 64 bytes failed: Seule une partie d’une requête ReadProcessMemory ou WriteProcessMemory a été effectuée. (0x12B)
[0421/173919.057:WARNING:pe_image_reader.cc(340)] could not read dos header from C:\WINDOWS\System32\cfgmgr32.dll
[0421/173919.057:ERROR:process_memory_win.cc(73)] ReadMemory at 0x7ffe51f30000 of 64 bytes failed: Seule une partie d’une requête ReadProcessMemory ou WriteProcessMemory a été effectuée. (0x12B)
[0421/173919.057:WARNING:pe_image_reader.cc(340)] could not read dos header from C:\WINDOWS\SYSTEM32\PROPSYS.dll
[0421/173919.057:ERROR:process_memory_win.cc(73)] ReadMemory at 0x7ffe51f30000 of 64 bytes failed: Seule une partie d’une requête ReadProcessMemory ou WriteProcessMemory a été effectuée. (0x12B)
[0421/173919.057:WARNING:pe_image_reader.cc(340)] could not read dos header from C:\WINDOWS\SYSTEM32\PROPSYS.dll
[0421/173919.057:ERROR:process_memory_win.cc(73)] ReadMemory at 0x7ffe5b5a0000 of 64 bytes failed: Seule une partie d’une requête ReadProcessMemory ou WriteProcessMemory a été effectuée. (0x12B)
[0421/173919.057:WARNING:pe_image_reader.cc(340)] could not read dos header from C:\WINDOWS\System32\shcore.dll
[0421/173919.057:ERROR:process_memory_win.cc(73)] ReadMemory at 0x7ffe5b5a0000 of 64 bytes failed: Seule une partie d’une requête ReadProcessMemory ou WriteProcessMemory a été effectuée. (0x12B)
[0421/173919.057:WARNING:pe_image_reader.cc(340)] could not read dos header from C:\WINDOWS\System32\shcore.dll
[0421/173919.057:ERROR:process_memory_win.cc(73)] ReadMemory at 0x7ffe58960000 of 64 bytes failed: Seule une partie d’une requête ReadProcessMemory ou WriteProcessMemory a été effectuée. (0x12B)
[0421/173919.057:WARNING:pe_image_reader.cc(340)] could not read dos header from C:\WINDOWS\SYSTEM32\SSPICLI.DLL
[0421/173919.059:ERROR:process_memory_win.cc(73)] ReadMemory at 0x7ffe58960000 of 64 bytes failed: Seule une partie d’une requête ReadProcessMemory ou WriteProcessMemory a été effectuée. (0x12B)
[0421/173919.059:WARNING:pe_image_reader.cc(340)] could not read dos header from C:\WINDOWS\SYSTEM32\SSPICLI.DLL
[0421/173919.059:ERROR:process_memory_win.cc(73)] ReadMemory at 0x7ffe58480000 of 64 bytes failed: Seule une partie d’une requête ReadProcessMemory ou WriteProcessMemory a été effectuée. (0x12B)
[0421/173919.059:WARNING:pe_image_reader.cc(340)] could not read dos header from C:\WINDOWS\SYSTEM32\CRYPTBASE.DLL
[0421/173919.059:ERROR:process_memory_win.cc(73)] ReadMemory at 0x7ffe58480000 of 64 bytes failed: Seule une partie d’une requête ReadProcessMemory ou WriteProcessMemory a été effectuée. (0x12B)
[0421/173919.059:WARNING:pe_image_reader.cc(340)] could not read dos header from C:\WINDOWS\SYSTEM32\CRYPTBASE.DLL
[0421/173919.123:ERROR:process_memory_win.cc(73)] ReadMemory at 0x7ff7e0e80000 of 64 bytes failed: Seule une partie d’une requête ReadProcessMemory ou WriteProcessMemory a été effectuée. (0x12B)
[0421/173919.123:WARNING:pe_image_reader.cc(340)] could not read dos header from C:\Program Files (x86)\Google\Chrome\Application\chrome.exe
[0421/173919.123:ERROR:process_memory_win.cc(73)] ReadMemory at 0x7ffe5bb80000 of 64 bytes failed: Seule une partie d’une requête ReadProcessMemory ou WriteProcessMemory a été effectuée. (0x12B)
[0421/173919.123:WARNING:pe_image_reader.cc(340)] could not read dos header from C:\WINDOWS\SYSTEM32\ntdll.dll
[0421/173919.123:ERROR:process_memory_win.cc(73)] ReadMemory at 0x7ffe5a670000 of 64 bytes failed: Seule une partie d’une requête ReadProcessMemory ou WriteProcessMemory a été effectuée. (0x12B)
[0421/173919.123:WARNING:pe_image_reader.cc(340)] could not read dos header from C:\WINDOWS\System32\KERNEL32.DLL
[0421/173919.123:ERROR:process_memory_win.cc(73)] ReadMemory at 0x7ffe59950000 of 64 bytes failed: Seule une partie d’une requête ReadProcessMemory ou WriteProcessMemory a été effectuée. (0x12B)
[0421/173919.123:WARNING:pe_image_reader.cc(340)] could not read dos header from C:\WINDOWS\System32\KERNELBASE.dll
[0421/173919.124:ERROR:process_memory_win.cc(73)] ReadMemory at 0x7ffe53730000 of 64 bytes failed: Seule une partie d’une requête ReadProcessMemory ou WriteProcessMemory a été effectuée. (0x12B)
[0421/173919.124:WARNING:pe_image_reader.cc(340)] could not read dos header from C:\WINDOWS\SYSTEM32\apphelp.dll
[0421/173919.124:ERROR:process_memory_win.cc(73)] ReadMemory at 0x7ffe15b50000 of 64 bytes failed: Seule une partie d’une requête ReadProcessMemory ou WriteProcessMemory a été effectuée. (0x12B)
[0421/173919.124:WARNING:pe_image_reader.cc(340)] could not read dos header from C:\Program Files (x86)\Google\Chrome\Application\81.0.4044.113\chrome_elf.dll
[0421/173919.124:ERROR:process_memory_win.cc(73)] ReadMemory at 0x7ffe4e8d0000 of 64 bytes failed: Seule une partie d’une requête ReadProcessMemory ou WriteProcessMemory a été effectuée. (0x12B)
[0421/173919.124:WARNING:pe_image_reader.cc(340)] could not read dos header from C:\WINDOWS\SYSTEM32\VERSION.dll
[0421/173919.124:ERROR:process_memory_win.cc(73)] ReadMemory at 0x7ffe5b500000 of 64 bytes failed: Seule une partie d’une requête ReadProcessMemory ou WriteProcessMemory a été effectuée. (0x12B)
[0421/173919.124:WARNING:pe_image_reader.cc(340)] could not read dos header from C:\WINDOWS\System32\msvcrt.dll
[0421/173919.124:ERROR:process_memory_win.cc(73)] ReadMemory at 0x7ffe58b70000 of 64 bytes failed: Seule une partie d’une requête ReadProcessMemory ou WriteProcessMemory a été effectuée. (0x12B)
[0421/173919.124:WARNING:pe_image_reader.cc(340)] could not read dos header from C:\WINDOWS\System32\bcryptPrimitives.dll
[0421/173919.124:ERROR:process_memory_win.cc(73)] ReadMemory at 0x7ffe5b320000 of 64 bytes failed: Seule une partie d’une requête ReadProcessMemory ou WriteProcessMemory a été effectuée. (0x12B)
[0421/173919.124:WARNING:pe_image_reader.cc(340)] could not read dos header from C:\WINDOWS\System32\ADVAPI32.dll
[0421/173919.124:ERROR:process_memory_win.cc(73)] ReadMemory at 0x18edde90000 of 64 bytes failed: Seule une partie d’une requête ReadProcessMemory ou WriteProcessMemory a été effectuée. (0x12B)
[0421/173919.124:WARNING:pe_image_reader.cc(340)] could not read dos header from C:\WINDOWS\System32\sechost.dll
[0421/173919.124:ERROR:process_memory_win.cc(73)] ReadMemory at 0x7ffe5b3d0000 of 64 bytes failed: Seule une partie d’une requête ReadProcessMemory ou WriteProcessMemory a été effectuée. (0x12B)
[0421/173919.124:WARNING:pe_image_reader.cc(340)] could not read dos header from C:\WINDOWS\System32\RPCRT4.dll
[0421/173919.124:ERROR:process_memory_win.cc(73)] ReadMemory at 0x7ffddad50000 of 64 bytes failed: Seule une partie d’une requête ReadProcessMemory ou WriteProcessMemory a été effectuée. (0x12B)
[0421/173919.124:WARNING:pe_image_reader.cc(340)] could not read dos header from C:\Program Files (x86)\Google\Chrome\Application\81.0.4044.113\chrome.dll
[0421/173919.124:ERROR:process_memory_win.cc(73)] ReadMemory at 0x7ffe5ac10000 of 64 bytes failed: Seule une partie d’une requête ReadProcessMemory ou WriteProcessMemory a été effectuée. (0x12B)
[0421/173919.124:WARNING:pe_image_reader.cc(340)] could not read dos header from C:\WINDOWS\System32\WS2_32.dll
[0421/173919.124:ERROR:process_memory_win.cc(73)] ReadMemory at 0x7ffe5b6b0000 of 64 bytes failed: Seule une partie d’une requête ReadProcessMemory ou WriteProcessMemory a été effectuée. (0x12B)
[0421/173919.124:WARNING:pe_image_reader.cc(340)] could not read dos header from C:\WINDOWS\System32\OLEAUT32.dll
[0421/173919.124:ERROR:process_memory_win.cc(73)] ReadMemory at 0x7ffe59060000 of 64 bytes failed: Seule une partie d’une requête ReadProcessMemory ou WriteProcessMemory a été effectuée. (0x12B)
[0421/173919.125:WARNING:pe_image_reader.cc(340)] could not read dos header from C:\WINDOWS\System32\msvcp_win.dll
[0421/173919.125:ERROR:process_memory_win.cc(73)] ReadMemory at 0x7ffe58f30000 of 64 bytes failed: Seule une partie d’une requête ReadProcessMemory ou WriteProcessMemory a été effectuée. (0x12B)
[0421/173919.125:WARNING:pe_image_reader.cc(340)] could not read dos header from C:\WINDOWS\System32\ucrtbase.dll
[0421/173919.125:ERROR:process_memory_win.cc(73)] ReadMemory at 0x7ffe5b800000 of 64 bytes failed: Seule une partie d’une requête ReadProcessMemory ou WriteProcessMemory a été effectuée. (0x12B)
[0421/173919.125:WARNING:pe_image_reader.cc(340)] could not read dos header from C:\WINDOWS\System32\combase.dll
[0421/173919.125:ERROR:process_memory_win.cc(73)] ReadMemory at 0x7ffe58b10000 of 64 bytes failed: Seule une partie d’une requête ReadProcessMemory ou WriteProcessMemory a été effectuée. (0x12B)
[0421/173919.125:WARNING:pe_image_reader.cc(340)] could not read dos header from C:\WINDOWS\System32\WINTRUST.dll
[0421/173919.125:ERROR:process_memory_win.cc(73)] ReadMemory at 0x7ffe58a70000 of 64 bytes failed: Seule une partie d’une requête ReadProcessMemory ou WriteProcessMemory a été effectuée. (0x12B)
[0421/173919.125:WARNING:pe_image_reader.cc(340)] could not read dos header from C:\WINDOWS\System32\MSASN1.dll
[0421/173919.125:ERROR:process_memory_win.cc(73)] ReadMemory at 0x7ffe58c40000 of 64 bytes failed: Seule une partie d’une requête ReadProcessMemory ou WriteProcessMemory a été effectuée. (0x12B)
[0421/173919.125:WARNING:pe_image_reader.cc(340)] could not read dos header from C:\WINDOWS\System32\CRYPT32.dll
[0421/173919.125:ERROR:process_memory_win.cc(73)] ReadMemory at 0x7ffe57fc0000 of 64 bytes failed: Seule une partie d’une requête ReadProcessMemory ou WriteProcessMemory a été effectuée. (0x12B)
[0421/173919.125:WARNING:pe_image_reader.cc(340)] could not read dos header from C:\WINDOWS\SYSTEM32\IPHLPAPI.DLL
[0421/173919.125:ERROR:process_memory_win.cc(73)] ReadMemory at 0x7ffe53070000 of 64 bytes failed: Seule une partie d’une requête ReadProcessMemory ou WriteProcessMemory a été effectuée. (0x12B)
[0421/173919.125:WARNING:pe_image_reader.cc(340)] could not read dos header from C:\WINDOWS\SYSTEM32\WINMM.dll
[0421/173919.125:ERROR:process_memory_win.cc(73)] ReadMemory at 0x7ffe3ccf0000 of 64 bytes failed: Seule une partie d’une requête ReadProcessMemory ou WriteProcessMemory a été effectuée. (0x12B)
[0421/173919.125:WARNING:pe_image_reader.cc(340)] could not read dos header from C:\WINDOWS\SYSTEM32\Secur32.dll
[0421/173919.125:ERROR:process_memory_win.cc(73)] ReadMemory at 0x7ffe58930000 of 64 bytes failed: Seule une partie d’une requête ReadProcessMemory ou WriteProcessMemory a été effectuée. (0x12B)
[0421/173919.125:WARNING:pe_image_reader.cc(340)] could not read dos header from C:\WINDOWS\SYSTEM32\USERENV.dll
[0421/173919.125:ERROR:process_memory_win.cc(73)] ReadMemory at 0x7ffe58a90000 of 64 bytes failed: Seule une partie d’une requête ReadProcessMemory ou WriteProcessMemory a été effectuée. (0x12B)
[0421/173919.125:WARNING:pe_image_reader.cc(340)] could not read dos header from C:\WINDOWS\System32\profapi.dll
[0421/173919.125:ERROR:process_memory_win.cc(73)] ReadMemory at 0x7ffe2d720000 of 64 bytes failed: Seule une partie d’une requête ReadProcessMemory ou WriteProcessMemory a été effectuée. (0x12B)
[0421/173919.126:WARNING:pe_image_reader.cc(340)] could not read dos header from C:\WINDOWS\SYSTEM32\UIAutomationCore.DLL
[0421/173919.126:ERROR:process_memory_win.cc(73)] ReadMemory at 0x7ffe44de0000 of 64 bytes failed: Seule une partie d’une requête ReadProcessMemory ou WriteProcessMemory a été effectuée. (0x12B)
[0421/173919.126:WARNING:pe_image_reader.cc(340)] could not read dos header from C:\WINDOWS\SYSTEM32\DWrite.dll
[0421/173919.126:ERROR:process_memory_win.cc(73)] ReadMemory at 0x7ffe465c0000 of 64 bytes failed: Seule une partie d’une requête ReadProcessMemory ou WriteProcessMemory a été effectuée. (0x12B)
[0421/173919.126:WARNING:pe_image_reader.cc(340)] could not read dos header from C:\WINDOWS\SYSTEM32\WINSPOOL.DRV
[0421/173919.126:ERROR:process_memory_win.cc(73)] ReadMemory at 0x7ffe58a50000 of 64 bytes failed: Seule une partie d’une requête ReadProcessMemory ou WriteProcessMemory a été effectuée. (0x12B)
[0421/173919.126:WARNING:pe_image_reader.cc(340)] could not read dos header from C:\WINDOWS\System32\kernel.appcore.dll
[0421/173919.126:ERROR:process_memory_win.cc(73)] ReadMemory at 0x7ffe59c00000 of 64 bytes failed: Seule une partie d’une requête ReadProcessMemory ou WriteProcessMemory a été effectuée. (0x12B)
[0421/173919.126:WARNING:pe_image_reader.cc(340)] could not read dos header from C:\WINDOWS\System32\bcrypt.dll
[0421/173919.126:ERROR:process_memory_win.cc(73)] ReadMemory at 0x7ffe54320000 of 64 bytes failed: Seule une partie d’une requête ReadProcessMemory ou WriteProcessMemory a été effectuée. (0x12B)
[0421/173919.126:WARNING:pe_image_reader.cc(340)] could not read dos header from C:\WINDOWS\SYSTEM32\dbghelp.dll
[0421/173919.126:ERROR:process_memory_win.cc(73)] ReadMemory at 0x7ffe483e0000 of 64 bytes failed: Seule une partie d’une requête ReadProcessMemory ou WriteProcessMemory a été effectuée. (0x12B)
[0421/173919.126:WARNING:pe_image_reader.cc(340)] could not read dos header from C:\WINDOWS\SYSTEM32\WINHTTP.dll
[0421/173919.126:ERROR:process_memory_win.cc(73)] ReadMemory at 0x7ffe4d1d0000 of 64 bytes failed: Seule une partie d’une requête ReadProcessMemory ou WriteProcessMemory a été effectuée. (0x12B)
[0421/173919.126:WARNING:pe_image_reader.cc(340)] could not read dos header from C:\WINDOWS\SYSTEM32\dhcpcsvc.DLL
[0421/173919.126:ERROR:process_memory_win.cc(73)] ReadMemory at 0x7ffe5b4f0000 of 64 bytes failed: Seule une partie d’une requête ReadProcessMemory ou WriteProcessMemory a été effectuée. (0x12B)
[0421/173919.126:WARNING:pe_image_reader.cc(340)] could not read dos header from C:\WINDOWS\System32\NSI.dll
[0421/173919.126:ERROR:process_memory_win.cc(73)] ReadMemory at 0x7ffe53040000 of 64 bytes failed: Seule une partie d’une requête ReadProcessMemory ou WriteProcessMemory a été effectuée. (0x12B)
[0421/173919.126:WARNING:pe_image_reader.cc(340)] could not read dos header from C:\WINDOWS\SYSTEM32\WINMMBASE.dll
[0421/173919.126:ERROR:process_memory_win.cc(73)] ReadMemory at 0x7ffe58bf0000 of 64 bytes failed: Seule une partie d’une requête ReadProcessMemory ou WriteProcessMemory a été effectuée. (0x12B)
[0421/173919.126:WARNING:pe_image_reader.cc(340)] could not read dos header from C:\WINDOWS\System32\cfgmgr32.dll
[0421/173919.126:ERROR:process_memory_win.cc(73)] ReadMemory at 0x7ffe51f30000 of 64 bytes failed: Seule une partie d’une requête ReadProcessMemory ou WriteProcessMemory a été effectuée. (0x12B)
[0421/173919.126:WARNING:pe_image_reader.cc(340)] could not read dos header from C:\WINDOWS\SYSTEM32\PROPSYS.dll
[0421/173919.127:ERROR:process_memory_win.cc(73)] ReadMemory at 0x7ffe5b5a0000 of 64 bytes failed: Seule une partie d’une requête ReadProcessMemory ou WriteProcessMemory a été effectuée. (0x12B)
[0421/173919.127:WARNING:pe_image_reader.cc(340)] could not read dos header from C:\WINDOWS\System32\shcore.dll
[0421/173919.127:ERROR:process_memory_win.cc(73)] ReadMemory at 0x7ffe58960000 of 64 bytes failed: Seule une partie d’une requête ReadProcessMemory ou WriteProcessMemory a été effectuée. (0x12B)
[0421/173919.127:WARNING:pe_image_reader.cc(340)] could not read dos header from C:\WINDOWS\SYSTEM32\SSPICLI.DLL
[0421/173919.127:ERROR:process_memory_win.cc(73)] ReadMemory at 0x7ffe58480000 of 64 bytes failed: Seule une partie d’une requête ReadProcessMemory ou WriteProcessMemory a été effectuée. (0x12B)
[0421/173919.127:WARNING:pe_image_reader.cc(340)] could not read dos header from C:\WINDOWS\SYSTEM32\CRYPTBASE.DLL
[0421/173919.132:ERROR:process_memory_win.cc(73)] ReadMemory at 0x7ff7e0e80000 of 64 bytes failed: Seule une partie d’une requête ReadProcessMemory ou WriteProcessMemory a été effectuée. (0x12B)
[0421/173919.132:WARNING:pe_image_reader.cc(340)] could not read dos header from C:\Program Files (x86)\Google\Chrome\Application\chrome.exe
[0421/173919.132:ERROR:process_memory_win.cc(73)] ReadMemory at 0x7ffe5bb80000 of 64 bytes failed: Seule une partie d’une requête ReadProcessMemory ou WriteProcessMemory a été effectuée. (0x12B)
[0421/173919.132:WARNING:pe_image_reader.cc(340)] could not read dos header from C:\WINDOWS\SYSTEM32\ntdll.dll
[0421/173919.132:ERROR:process_memory_win.cc(73)] ReadMemory at 0x7ffe5a670000 of 64 bytes failed: Seule une partie d’une requête ReadProcessMemory ou WriteProcessMemory a été effectuée. (0x12B)
[0421/173919.132:WARNING:pe_image_reader.cc(340)] could not read dos header from C:\WINDOWS\System32\KERNEL32.DLL
[0421/173919.132:ERROR:process_memory_win.cc(73)] ReadMemory at 0x7ffe59950000 of 64 bytes failed: Seule une partie d’une requête ReadProcessMemory ou WriteProcessMemory a été effectuée. (0x12B)
[0421/173919.132:WARNING:pe_image_reader.cc(340)] could not read dos header from C:\WINDOWS\System32\KERNELBASE.dll
[0421/173919.132:ERROR:process_memory_win.cc(73)] ReadMemory at 0x7ffe53730000 of 64 bytes failed: Seule une partie d’une requête ReadProcessMemory ou WriteProcessMemory a été effectuée. (0x12B)
[0421/173919.133:WARNING:pe_image_reader.cc(340)] could not read dos header from C:\WINDOWS\SYSTEM32\apphelp.dll
[0421/173919.133:ERROR:process_memory_win.cc(73)] ReadMemory at 0x7ffe15b50000 of 64 bytes failed: Seule une partie d’une requête ReadProcessMemory ou WriteProcessMemory a été effectuée. (0x12B)
[0421/173919.133:WARNING:pe_image_reader.cc(340)] could not read dos header from C:\Program Files (x86)\Google\Chrome\Application\81.0.4044.113\chrome_elf.dll
[0421/173919.133:ERROR:process_memory_win.cc(73)] ReadMemory at 0x7ffe4e8d0000 of 64 bytes failed: Seule une partie d’une requête ReadProcessMemory ou WriteProcessMemory a été effectuée. (0x12B)
[0421/173919.133:WARNING:pe_image_reader.cc(340)] could not read dos header from C:\WINDOWS\SYSTEM32\VERSION.dll
[0421/173919.133:ERROR:process_memory_win.cc(73)] ReadMemory at 0x7ffe5b500000 of 64 bytes failed: Seule une partie d’une requête ReadProcessMemory ou WriteProcessMemory a été effectuée. (0x12B)
[0421/173919.133:WARNING:pe_image_reader.cc(340)] could not read dos header from C:\WINDOWS\System32\msvcrt.dll
[0421/173919.133:ERROR:process_memory_win.cc(73)] ReadMemory at 0x7ffe58b70000 of 64 bytes failed: Seule une partie d’une requête ReadProcessMemory ou WriteProcessMemory a été effectuée. (0x12B)
[0421/173919.133:WARNING:pe_image_reader.cc(340)] could not read dos header from C:\WINDOWS\System32\bcryptPrimitives.dll
[0421/173919.133:ERROR:process_memory_win.cc(73)] ReadMemory at 0x7ffe5b320000 of 64 bytes failed: Seule une partie d’une requête ReadProcessMemory ou WriteProcessMemory a été effectuée. (0x12B)
[0421/173919.133:WARNING:pe_image_reader.cc(340)] could not read dos header from C:\WINDOWS\System32\ADVAPI32.dll
[0421/173919.133:ERROR:process_memory_win.cc(73)] ReadMemory at 0x18edde90000 of 64 bytes failed: Seule une partie d’une requête ReadProcessMemory ou WriteProcessMemory a été effectuée. (0x12B)
[0421/173919.133:WARNING:pe_image_reader.cc(340)] could not read dos header from C:\WINDOWS\System32\sechost.dll
[0421/173919.133:ERROR:process_memory_win.cc(73)] ReadMemory at 0x7ffe5b3d0000 of 64 bytes failed: Seule une partie d’une requête ReadProcessMemory ou WriteProcessMemory a été effectuée. (0x12B)
[0421/173919.133:WARNING:pe_image_reader.cc(340)] could not read dos header from C:\WINDOWS\System32\RPCRT4.dll
[0421/173919.133:ERROR:process_memory_win.cc(73)] ReadMemory at 0x7ffddad50000 of 64 bytes failed: Seule une partie d’une requête ReadProcessMemory ou WriteProcessMemory a été effectuée. (0x12B)
[0421/173919.133:WARNING:pe_image_reader.cc(340)] could not read dos header from C:\Program Files (x86)\Google\Chrome\Application\81.0.4044.113\chrome.dll
[0421/173919.133:ERROR:process_memory_win.cc(73)] ReadMemory at 0x7ffe5ac10000 of 64 bytes failed: Seule une partie d’une requête ReadProcessMemory ou WriteProcessMemory a été effectuée. (0x12B)
[0421/173919.133:WARNING:pe_image_reader.cc(340)] could not read dos header from C:\WINDOWS\System32\WS2_32.dll
[0421/173919.133:ERROR:process_memory_win.cc(73)] ReadMemory at 0x7ffe5b6b0000 of 64 bytes failed: Seule une partie d’une requête ReadProcessMemory ou WriteProcessMemory a été effectuée. (0x12B)
[0421/173919.133:WARNING:pe_image_reader.cc(340)] could not read dos header from C:\WINDOWS\System32\OLEAUT32.dll
[0421/173919.134:ERROR:process_memory_win.cc(73)] ReadMemory at 0x7ffe59060000 of 64 bytes failed: Seule une partie d’une requête ReadProcessMemory ou WriteProcessMemory a été effectuée. (0x12B)
[0421/173919.134:WARNING:pe_image_reader.cc(340)] could not read dos header from C:\WINDOWS\System32\msvcp_win.dll
[0421/173919.134:ERROR:process_memory_win.cc(73)] ReadMemory at 0x7ffe58f30000 of 64 bytes failed: Seule une partie d’une requête ReadProcessMemory ou WriteProcessMemory a été effectuée. (0x12B)
[0421/173919.134:WARNING:pe_image_reader.cc(340)] could not read dos header from C:\WINDOWS\System32\ucrtbase.dll
[0421/173919.134:ERROR:process_memory_win.cc(73)] ReadMemory at 0x7ffe5b800000 of 64 bytes failed: Seule une partie d’une requête ReadProcessMemory ou WriteProcessMemory a été effectuée. (0x12B)
[0421/173919.134:WARNING:pe_image_reader.cc(340)] could not read dos header from C:\WINDOWS\System32\combase.dll
[0421/173919.134:ERROR:process_memory_win.cc(73)] ReadMemory at 0x7ffe58b10000 of 64 bytes failed: Seule une partie d’une requête ReadProcessMemory ou WriteProcessMemory a été effectuée. (0x12B)
[0421/173919.134:WARNING:pe_image_reader.cc(340)] could not read dos header from C:\WINDOWS\System32\WINTRUST.dll
[0421/173919.134:ERROR:process_memory_win.cc(73)] ReadMemory at 0x7ffe58a70000 of 64 bytes failed: Seule une partie d’une requête ReadProcessMemory ou WriteProcessMemory a été effectuée. (0x12B)
[0421/173919.134:WARNING:pe_image_reader.cc(340)] could not read dos header from C:\WINDOWS\System32\MSASN1.dll
[0421/173919.134:ERROR:process_memory_win.cc(73)] ReadMemory at 0x7ffe58c40000 of 64 bytes failed: Seule une partie d’une requête ReadProcessMemory ou WriteProcessMemory a été effectuée. (0x12B)
[0421/173919.134:WARNING:pe_image_reader.cc(340)] could not read dos header from C:\WINDOWS\System32\CRYPT32.dll
[0421/173919.134:ERROR:process_memory_win.cc(73)] ReadMemory at 0x7ffe57fc0000 of 64 bytes failed: Seule une partie d’une requête ReadProcessMemory ou WriteProcessMemory a été effectuée. (0x12B)
[0421/173919.134:WARNING:pe_image_reader.cc(340)] could not read dos header from C:\WINDOWS\SYSTEM32\IPHLPAPI.DLL
[0421/173919.134:ERROR:process_memory_win.cc(73)] ReadMemory at 0x7ffe53070000 of 64 bytes failed: Seule une partie d’une requête ReadProcessMemory ou WriteProcessMemory a été effectuée. (0x12B)
[0421/173919.134:WARNING:pe_image_reader.cc(340)] could not read dos header from C:\WINDOWS\SYSTEM32\WINMM.dll
[0421/173919.134:ERROR:process_memory_win.cc(73)] ReadMemory at 0x7ffe3ccf0000 of 64 bytes failed: Seule une partie d’une requête ReadProcessMemory ou WriteProcessMemory a été effectuée. (0x12B)
[0421/173919.134:WARNING:pe_image_reader.cc(340)] could not read dos header from C:\WINDOWS\SYSTEM32\Secur32.dll
[0421/173919.134:ERROR:process_memory_win.cc(73)] ReadMemory at 0x7ffe58930000 of 64 bytes failed: Seule une partie d’une requête ReadProcessMemory ou WriteProcessMemory a été effectuée. (0x12B)
[0421/173919.134:WARNING:pe_image_reader.cc(340)] could not read dos header from C:\WINDOWS\SYSTEM32\USERENV.dll
[0421/173919.134:ERROR:process_memory_win.cc(73)] ReadMemory at 0x7ffe58a90000 of 64 bytes failed: Seule une partie d’une requête ReadProcessMemory ou WriteProcessMemory a été effectuée. (0x12B)
[0421/173919.134:WARNING:pe_image_reader.cc(340)] could not read dos header from C:\WINDOWS\System32\profapi.dll
[0421/173919.134:ERROR:process_memory_win.cc(73)] ReadMemory at 0x7ffe2d720000 of 64 bytes failed: Seule une partie d’une requête ReadProcessMemory ou WriteProcessMemory a été effectuée. (0x12B)
[0421/173919.135:WARNING:pe_image_reader.cc(340)] could not read dos header from C:\WINDOWS\SYSTEM32\UIAutomationCore.DLL
[0421/173919.135:ERROR:process_memory_win.cc(73)] ReadMemory at 0x7ffe44de0000 of 64 bytes failed: Seule une partie d’une requête ReadProcessMemory ou WriteProcessMemory a été effectuée. (0x12B)
[0421/173919.135:WARNING:pe_image_reader.cc(340)] could not read dos header from C:\WINDOWS\SYSTEM32\DWrite.dll
[0421/173919.135:ERROR:process_memory_win.cc(73)] ReadMemory at 0x7ffe465c0000 of 64 bytes failed: Seule une partie d’une requête ReadProcessMemory ou WriteProcessMemory a été effectuée. (0x12B)
[0421/173919.135:WARNING:pe_image_reader.cc(340)] could not read dos header from C:\WINDOWS\SYSTEM32\WINSPOOL.DRV
[0421/173919.135:ERROR:process_memory_win.cc(73)] ReadMemory at 0x7ffe58a50000 of 64 bytes failed: Seule une partie d’une requête ReadProcessMemory ou WriteProcessMemory a été effectuée. (0x12B)
[0421/173919.135:WARNING:pe_image_reader.cc(340)] could not read dos header from C:\WINDOWS\System32\kernel.appcore.dll
[0421/173919.135:ERROR:process_memory_win.cc(73)] ReadMemory at 0x7ffe59c00000 of 64 bytes failed: Seule une partie d’une requête ReadProcessMemory ou WriteProcessMemory a été effectuée. (0x12B)
[0421/173919.135:WARNING:pe_image_reader.cc(340)] could not read dos header from C:\WINDOWS\System32\bcrypt.dll
[0421/173919.135:ERROR:process_memory_win.cc(73)] ReadMemory at 0x7ffe54320000 of 64 bytes failed: Seule une partie d’une requête ReadProcessMemory ou WriteProcessMemory a été effectuée. (0x12B)
[0421/173919.135:WARNING:pe_image_reader.cc(340)] could not read dos header from C:\WINDOWS\SYSTEM32\dbghelp.dll
[0421/173919.135:ERROR:process_memory_win.cc(73)] ReadMemory at 0x7ffe483e0000 of 64 bytes failed: Seule une partie d’une requête ReadProcessMemory ou WriteProcessMemory a été effectuée. (0x12B)
[0421/173919.135:WARNING:pe_image_reader.cc(340)] could not read dos header from C:\WINDOWS\SYSTEM32\WINHTTP.dll
[0421/173919.135:ERROR:process_memory_win.cc(73)] ReadMemory at 0x7ffe4d1d0000 of 64 bytes failed: Seule une partie d’une requête ReadProcessMemory ou WriteProcessMemory a été effectuée. (0x12B)
[0421/173919.135:WARNING:pe_image_reader.cc(340)] could not read dos header from C:\WINDOWS\SYSTEM32\dhcpcsvc.DLL
[0421/173919.135:ERROR:process_memory_win.cc(73)] ReadMemory at 0x7ffe5b4f0000 of 64 bytes failed: Seule une partie d’une requête ReadProcessMemory ou WriteProcessMemory a été effectuée. (0x12B)
[0421/173919.135:WARNING:pe_image_reader.cc(340)] could not read dos header from C:\WINDOWS\System32\NSI.dll
[0421/173919.135:ERROR:process_memory_win.cc(73)] ReadMemory at 0x7ffe53040000 of 64 bytes failed: Seule une partie d’une requête ReadProcessMemory ou WriteProcessMemory a été effectuée. (0x12B)
[0421/173919.135:WARNING:pe_image_reader.cc(340)] could not read dos header from C:\WINDOWS\SYSTEM32\WINMMBASE.dll
[0421/173919.135:ERROR:process_memory_win.cc(73)] ReadMemory at 0x7ffe58bf0000 of 64 bytes failed: Seule une partie d’une requête ReadProcessMemory ou WriteProcessMemory a été effectuée. (0x12B)
[0421/173919.135:WARNING:pe_image_reader.cc(340)] could not read dos header from C:\WINDOWS\System32\cfgmgr32.dll
[0421/173919.136:ERROR:process_memory_win.cc(73)] ReadMemory at 0x7ffe51f30000 of 64 bytes failed: Seule une partie d’une requête ReadProcessMemory ou WriteProcessMemory a été effectuée. (0x12B)
[0421/173919.136:WARNING:pe_image_reader.cc(340)] could not read dos header from C:\WINDOWS\SYSTEM32\PROPSYS.dll
[0421/173919.136:ERROR:process_memory_win.cc(73)] ReadMemory at 0x7ffe5b5a0000 of 64 bytes failed: Seule une partie d’une requête ReadProcessMemory ou WriteProcessMemory a été effectuée. (0x12B)
[0421/173919.136:WARNING:pe_image_reader.cc(340)] could not read dos header from C:\WINDOWS\System32\shcore.dll
[0421/173919.136:ERROR:process_memory_win.cc(73)] ReadMemory at 0x7ffe58960000 of 64 bytes failed: Seule une partie d’une requête ReadProcessMemory ou WriteProcessMemory a été effectuée. (0x12B)
[0421/173919.136:WARNING:pe_image_reader.cc(340)] could not read dos header from C:\WINDOWS\SYSTEM32\SSPICLI.DLL
[0421/173919.136:ERROR:process_memory_win.cc(73)] ReadMemory at 0x7ffe58480000 of 64 bytes failed: Seule une partie d’une requête ReadProcessMemory ou WriteProcessMemory a été effectuée. (0x12B)
[0421/173919.136:WARNING:pe_image_reader.cc(340)] could not read dos header from C:\WINDOWS\SYSTEM32\CRYPTBASE.DLL
[0421/173919.136:ERROR:process_memory_win.cc(73)] ReadMemory at 0x7ff7e0e80000 of 64 bytes failed: Seule une partie d’une requête ReadProcessMemory ou WriteProcessMemory a été effectuée. (0x12B)
[0421/173919.136:WARNING:pe_image_reader.cc(340)] could not read dos header from C:\Program Files (x86)\Google\Chrome\Application\chrome.exe
[0421/173919.136:ERROR:process_memory_win.cc(73)] ReadMemory at 0x7ffe5bb80000 of 64 bytes failed: Seule une partie d’une requête ReadProcessMemory ou WriteProcessMemory a été effectuée. (0x12B)
[0421/173919.136:WARNING:pe_image_reader.cc(340)] could not read dos header from C:\WINDOWS\SYSTEM32\ntdll.dll
[0421/173919.136:ERROR:process_memory_win.cc(73)] ReadMemory at 0x7ffe5a670000 of 64 bytes failed: Seule une partie d’une requête ReadProcessMemory ou WriteProcessMemory a été effectuée. (0x12B)
[0421/173919.136:WARNING:pe_image_reader.cc(340)] could not read dos header from C:\WINDOWS\System32\KERNEL32.DLL
[0421/173919.136:ERROR:process_memory_win.cc(73)] ReadMemory at 0x7ffe59950000 of 64 bytes failed: Seule une partie d’une requête ReadProcessMemory ou WriteProcessMemory a été effectuée. (0x12B)
[0421/173919.136:WARNING:pe_image_reader.cc(340)] could not read dos header from C:\WINDOWS\System32\KERNELBASE.dll
[0421/173919.136:ERROR:process_memory_win.cc(73)] ReadMemory at 0x7ffe53730000 of 64 bytes failed: Seule une partie d’une requête ReadProcessMemory ou WriteProcessMemory a été effectuée. (0x12B)
[0421/173919.136:WARNING:pe_image_reader.cc(340)] could not read dos header from C:\WINDOWS\SYSTEM32\apphelp.dll
[0421/173919.136:ERROR:process_memory_win.cc(73)] ReadMemory at 0x7ffe15b50000 of 64 bytes failed: Seule une partie d’une requête ReadProcessMemory ou WriteProcessMemory a été effectuée. (0x12B)
[0421/173919.136:WARNING:pe_image_reader.cc(340)] could not read dos header from C:\Program Files (x86)\Google\Chrome\Application\81.0.4044.113\chrome_elf.dll
[0421/173919.136:ERROR:process_memory_win.cc(73)] ReadMemory at 0x7ffe4e8d0000 of 64 bytes failed: Seule une partie d’une requête ReadProcessMemory ou WriteProcessMemory a été effectuée. (0x12B)
[0421/173919.136:WARNING:pe_image_reader.cc(340)] could not read dos header from C:\WINDOWS\SYSTEM32\VERSION.dll
[0421/173919.136:ERROR:process_memory_win.cc(73)] ReadMemory at 0x7ffe5b500000 of 64 bytes failed: Seule une partie d’une requête ReadProcessMemory ou WriteProcessMemory a été effectuée. (0x12B)
[0421/173919.137:WARNING:pe_image_reader.cc(340)] could not read dos header from C:\WINDOWS\System32\msvcrt.dll
[0421/173919.137:ERROR:process_memory_win.cc(73)] ReadMemory at 0x7ffe58b70000 of 64 bytes failed: Seule une partie d’une requête ReadProcessMemory ou WriteProcessMemory a été effectuée. (0x12B)
[0421/173919.137:WARNING:pe_image_reader.cc(340)] could not read dos header from C:\WINDOWS\System32\bcryptPrimitives.dll
[0421/173919.137:ERROR:process_memory_win.cc(73)] ReadMemory at 0x7ffe5b320000 of 64 bytes failed: Seule une partie d’une requête ReadProcessMemory ou WriteProcessMemory a été effectuée. (0x12B)
[0421/173919.137:WARNING:pe_image_reader.cc(340)] could not read dos header from C:\WINDOWS\System32\ADVAPI32.dll
[0421/173919.137:ERROR:process_memory_win.cc(73)] ReadMemory at 0x18edde90000 of 64 bytes failed: Seule une partie d’une requête ReadProcessMemory ou WriteProcessMemory a été effectuée. (0x12B)
[0421/173919.137:WARNING:pe_image_reader.cc(340)] could not read dos header from C:\WINDOWS\System32\sechost.dll
[0421/173919.137:ERROR:process_memory_win.cc(73)] ReadMemory at 0x7ffe5b3d0000 of 64 bytes failed: Seule une partie d’une requête ReadProcessMemory ou WriteProcessMemory a été effectuée. (0x12B)
[0421/173919.137:WARNING:pe_image_reader.cc(340)] could not read dos header from C:\WINDOWS\System32\RPCRT4.dll
[0421/173919.137:ERROR:process_memory_win.cc(73)] ReadMemory at 0x7ffddad50000 of 64 bytes failed: Seule une partie d’une requête ReadProcessMemory ou WriteProcessMemory a été effectuée. (0x12B)
[0421/173919.137:WARNING:pe_image_reader.cc(340)] could not read dos header from C:\Program Files (x86)\Google\Chrome\Application\81.0.4044.113\chrome.dll
[0421/173919.137:ERROR:process_memory_win.cc(73)] ReadMemory at 0x7ffe5ac10000 of 64 bytes failed: Seule une partie d’une requête ReadProcessMemory ou WriteProcessMemory a été effectuée. (0x12B)
[0421/173919.137:WARNING:pe_image_reader.cc(340)] could not read dos header from C:\WINDOWS\System32\WS2_32.dll
[0421/173919.137:ERROR:process_memory_win.cc(73)] ReadMemory at 0x7ffe5b6b0000 of 64 bytes failed: Seule une partie d’une requête ReadProcessMemory ou WriteProcessMemory a été effectuée. (0x12B)
[0421/173919.137:WARNING:pe_image_reader.cc(340)] could not read dos header from C:\WINDOWS\System32\OLEAUT32.dll
[0421/173919.137:ERROR:process_memory_win.cc(73)] ReadMemory at 0x7ffe59060000 of 64 bytes failed: Seule une partie d’une requête ReadProcessMemory ou WriteProcessMemory a été effectuée. (0x12B)
[0421/173919.137:WARNING:pe_image_reader.cc(340)] could not read dos header from C:\WINDOWS\System32\msvcp_win.dll
[0421/173919.137:ERROR:process_memory_win.cc(73)] ReadMemory at 0x7ffe58f30000 of 64 bytes failed: Seule une partie d’une requête ReadProcessMemory ou WriteProcessMemory a été effectuée. (0x12B)
[0421/173919.137:WARNING:pe_image_reader.cc(340)] could not read dos header from C:\WINDOWS\System32\ucrtbase.dll
[0421/173919.137:ERROR:process_memory_win.cc(73)] ReadMemory at 0x7ffe5b800000 of 64 bytes failed: Seule une partie d’une requête ReadProcessMemory ou WriteProcessMemory a été effectuée. (0x12B)
[0421/173919.137:WARNING:pe_image_reader.cc(340)] could not read dos header from C:\WINDOWS\System32\combase.dll
[0421/173919.138:ERROR:process_memory_win.cc(73)] ReadMemory at 0x7ffe58b10000 of 64 bytes failed: Seule une partie d’une requête ReadProcessMemory ou WriteProcessMemory a été effectuée. (0x12B)
[0421/173919.138:WARNING:pe_image_reader.cc(340)] could not read dos header from C:\WINDOWS\System32\WINTRUST.dll
[0421/173919.138:ERROR:process_memory_win.cc(73)] ReadMemory at 0x7ffe58a70000 of 64 bytes failed: Seule une partie d’une requête ReadProcessMemory ou WriteProcessMemory a été effectuée. (0x12B)
[0421/173919.138:WARNING:pe_image_reader.cc(340)] could not read dos header from C:\WINDOWS\System32\MSASN1.dll
[0421/173919.138:ERROR:process_memory_win.cc(73)] ReadMemory at 0x7ffe58c40000 of 64 bytes failed: Seule une partie d’une requête ReadProcessMemory ou WriteProcessMemory a été effectuée. (0x12B)
[0421/173919.138:WARNING:pe_image_reader.cc(340)] could not read dos header from C:\WINDOWS\System32\CRYPT32.dll
[0421/173919.138:ERROR:process_memory_win.cc(73)] ReadMemory at 0x7ffe57fc0000 of 64 bytes failed: Seule une partie d’une requête ReadProcessMemory ou WriteProcessMemory a été effectuée. (0x12B)
[0421/173919.138:WARNING:pe_image_reader.cc(340)] could not read dos header from C:\WINDOWS\SYSTEM32\IPHLPAPI.DLL
[0421/173919.138:ERROR:process_memory_win.cc(73)] ReadMemory at 0x7ffe53070000 of 64 bytes failed: Seule une partie d’une requête ReadProcessMemory ou WriteProcessMemory a été effectuée. (0x12B)
[0421/173919.138:WARNING:pe_image_reader.cc(340)] could not read dos header from C:\WINDOWS\SYSTEM32\WINMM.dll
[0421/173919.138:ERROR:process_memory_win.cc(73)] ReadMemory at 0x7ffe3ccf0000 of 64 bytes failed: Seule une partie d’une requête ReadProcessMemory ou WriteProcessMemory a été effectuée. (0x12B)
[0421/173919.138:WARNING:pe_image_reader.cc(340)] could not read dos header from C:\WINDOWS\SYSTEM32\Secur32.dll
[0421/173919.138:ERROR:process_memory_win.cc(73)] ReadMemory at 0x7ffe58930000 of 64 bytes failed: Seule une partie d’une requête ReadProcessMemory ou WriteProcessMemory a été effectuée. (0x12B)
[0421/173919.138:WARNING:pe_image_reader.cc(340)] could not read dos header from C:\WINDOWS\SYSTEM32\USERENV.dll
[0421/173919.138:ERROR:process_memory_win.cc(73)] ReadMemory at 0x7ffe58a90000 of 64 bytes failed: Seule une partie d’une requête ReadProcessMemory ou WriteProcessMemory a été effectuée. (0x12B)
[0421/173919.138:WARNING:pe_image_reader.cc(340)] could not read dos header from C:\WINDOWS\System32\profapi.dll
[0421/173919.139:ERROR:process_memory_win.cc(73)] ReadMemory at 0x7ffe2d720000 of 64 bytes failed: Seule une partie d’une requête ReadProcessMemory ou WriteProcessMemory a été effectuée. (0x12B)
[0421/173919.139:WARNING:pe_image_reader.cc(340)] could not read dos header from C:\WINDOWS\SYSTEM32\UIAutomationCore.DLL
[0421/173919.139:ERROR:process_memory_win.cc(73)] ReadMemory at 0x7ffe44de0000 of 64 bytes failed: Seule une partie d’une requête ReadProcessMemory ou WriteProcessMemory a été effectuée. (0x12B)
[0421/173919.139:WARNING:pe_image_reader.cc(340)] could not read dos header from C:\WINDOWS\SYSTEM32\DWrite.dll
[0421/173919.139:ERROR:process_memory_win.cc(73)] ReadMemory at 0x7ffe465c0000 of 64 bytes failed: Seule une partie d’une requête ReadProcessMemory ou WriteProcessMemory a été effectuée. (0x12B)
[0421/173919.139:WARNING:pe_image_reader.cc(340)] could not read dos header from C:\WINDOWS\SYSTEM32\WINSPOOL.DRV
[0421/173919.139:ERROR:process_memory_win.cc(73)] ReadMemory at 0x7ffe58a50000 of 64 bytes failed: Seule une partie d’une requête ReadProcessMemory ou WriteProcessMemory a été effectuée. (0x12B)
[0421/173919.139:WARNING:pe_image_reader.cc(340)] could not read dos header from C:\WINDOWS\System32\kernel.appcore.dll
[0421/173919.139:ERROR:process_memory_win.cc(73)] ReadMemory at 0x7ffe59c00000 of 64 bytes failed: Seule une partie d’une requête ReadProcessMemory ou WriteProcessMemory a été effectuée. (0x12B)
[0421/173919.139:WARNING:pe_image_reader.cc(340)] could not read dos header from C:\WINDOWS\System32\bcrypt.dll
[0421/173919.139:ERROR:process_memory_win.cc(73)] ReadMemory at 0x7ffe54320000 of 64 bytes failed: Seule une partie d’une requête ReadProcessMemory ou WriteProcessMemory a été effectuée. (0x12B)
[0421/173919.139:WARNING:pe_image_reader.cc(340)] could not read dos header from C:\WINDOWS\SYSTEM32\dbghelp.dll
[0421/173919.139:ERROR:process_memory_win.cc(73)] ReadMemory at 0x7ffe483e0000 of 64 bytes failed: Seule une partie d’une requête ReadProcessMemory ou WriteProcessMemory a été effectuée. (0x12B)
[0421/173919.139:WARNING:pe_image_reader.cc(340)] could not read dos header from C:\WINDOWS\SYSTEM32\WINHTTP.dll
[0421/173919.139:ERROR:process_memory_win.cc(73)] ReadMemory at 0x7ffe4d1d0000 of 64 bytes failed: Seule une partie d’une requête ReadProcessMemory ou WriteProcessMemory a été effectuée. (0x12B)
[0421/173919.139:WARNING:pe_image_reader.cc(340)] could not read dos header from C:\WINDOWS\SYSTEM32\dhcpcsvc.DLL
[0421/173919.139:ERROR:process_memory_win.cc(73)] ReadMemory at 0x7ffe5b4f0000 of 64 bytes failed: Seule une partie d’une requête ReadProcessMemory ou WriteProcessMemory a été effectuée. (0x12B)
[0421/173919.139:WARNING:pe_image_reader.cc(340)] could not read dos header from C:\WINDOWS\System32\NSI.dll
[0421/173919.139:ERROR:process_memory_win.cc(73)] ReadMemory at 0x7ffe53040000 of 64 bytes failed: Seule une partie d’une requête ReadProcessMemory ou WriteProcessMemory a été effectuée. (0x12B)
[0421/173919.139:WARNING:pe_image_reader.cc(340)] could not read dos header from C:\WINDOWS\SYSTEM32\WINMMBASE.dll
[0421/173919.139:ERROR:process_memory_win.cc(73)] ReadMemory at 0x7ffe58bf0000 of 64 bytes failed: Seule une partie d’une requête ReadProcessMemory ou WriteProcessMemory a été effectuée. (0x12B)
[0421/173919.139:WARNING:pe_image_reader.cc(340)] could not read dos header from C:\WINDOWS\System32\cfgmgr32.dll
[0421/173919.139:ERROR:process_memory_win.cc(73)] ReadMemory at 0x7ffe51f30000 of 64 bytes failed: Seule une partie d’une requête ReadProcessMemory ou WriteProcessMemory a été effectuée. (0x12B)
[0421/173919.139:WARNING:pe_image_reader.cc(340)] could not read dos header from C:\WINDOWS\SYSTEM32\PROPSYS.dll
[0421/173919.140:ERROR:process_memory_win.cc(73)] ReadMemory at 0x7ffe5b5a0000 of 64 bytes failed: Seule une partie d’une requête ReadProcessMemory ou WriteProcessMemory a été effectuée. (0x12B)
[0421/173919.140:WARNING:pe_image_reader.cc(340)] could not read dos header from C:\WINDOWS\System32\shcore.dll
[0421/173919.140:ERROR:process_memory_win.cc(73)] ReadMemory at 0x7ffe58960000 of 64 bytes failed: Seule une partie d’une requête ReadProcessMemory ou WriteProcessMemory a été effectuée. (0x12B)
[0421/173919.140:WARNING:pe_image_reader.cc(340)] could not read dos header from C:\WINDOWS\SYSTEM32\SSPICLI.DLL
[0421/173919.140:ERROR:process_memory_win.cc(73)] ReadMemory at 0x7ffe58480000 of 64 bytes failed: Seule une partie d’une requête ReadProcessMemory ou WriteProcessMemory a été effectuée. (0x12B)
[0421/173919.140:WARNING:pe_image_reader.cc(340)] could not read dos header from C:\WINDOWS\SYSTEM32\CRYPTBASE.DLL
[0421/173919.148:ERROR:process_memory_win.cc(73)] ReadMemory at 0x8d143f9000 of 28672 bytes failed: Seule une partie d’une requête ReadProcessMemory ou WriteProcessMemory a été effectuée. (0x12B)
[0421/173919.148:ERROR:process_memory_win.cc(73)] ReadMemory at 0x8d14bfd000 of 12288 bytes failed: Seule une partie d’une requête ReadProcessMemory ou WriteProcessMemory a été effectuée. (0x12B)
[0421/173919.148:ERROR:process_memory_win.cc(73)] ReadMemory at 0x8d153fd000 of 12288 bytes failed: Seule une partie d’une requête ReadProcessMemory ou WriteProcessMemory a été effectuée. (0x12B)
[0421/173919.148:ERROR:process_memory_win.cc(73)] ReadMemory at 0x8d15bfc000 of 16384 bytes failed: Seule une partie d’une requête ReadProcessMemory ou WriteProcessMemory a été effectuée. (0x12B)
[0421/173919.149:ERROR:process_memory_win.cc(73)] ReadMemory at 0x8d163fb000 of 20480 bytes failed: Seule une partie d’une requête ReadProcessMemory ou WriteProcessMemory a été effectuée. (0x12B)
[0421/173919.149:ERROR:process_memory_win.cc(73)] ReadMemory at 0x8d16bfe000 of 8192 bytes failed: Seule une partie d’une requête ReadProcessMemory ou WriteProcessMemory a été effectuée. (0x12B)
[0421/173919.149:ERROR:process_memory_win.cc(73)] ReadMemory at 0x8d173fd000 of 12288 bytes failed: Seule une partie d’une requête ReadProcessMemory ou WriteProcessMemory a été effectuée. (0x12B)
[0421/173919.149:ERROR:process_memory_win.cc(73)] ReadMemory at 0x8d17bfc000 of 16384 bytes failed: Seule une partie d’une requête ReadProcessMemory ou WriteProcessMemory a été effectuée. (0x12B)
[0421/173919.149:ERROR:process_memory_win.cc(73)] ReadMemory at 0x8d183fd000 of 12288 bytes failed: Seule une partie d’une requête ReadProcessMemory ou WriteProcessMemory a été effectuée. (0x12B)
[0421/173919.149:ERROR:process_memory_win.cc(73)] ReadMemory at 0x8d18bfd000 of 12288 bytes failed: Seule une partie d’une requête ReadProcessMemory ou WriteProcessMemory a été effectuée. (0x12B)
[0421/173919.149:ERROR:process_memory_win.cc(73)] ReadMemory at 0x8d193fd000 of 12288 bytes failed: Seule une partie d’une requête ReadProcessMemory ou WriteProcessMemory a été effectuée. (0x12B)
[0421/173919.149:ERROR:process_memory_win.cc(73)] ReadMemory at 0x8d19bfd000 of 12288 bytes failed: Seule une partie d’une requête ReadProcessMemory ou WriteProcessMemory a été effectuée. (0x12B)
[0421/173919.149:ERROR:process_memory_win.cc(73)] ReadMemory at 0x8d1a3fd000 of 12288 bytes failed: Seule une partie d’une requête ReadProcessMemory ou WriteProcessMemory a été effectuée. (0x12B)
[0421/173919.149:ERROR:process_memory_win.cc(73)] ReadMemory at 0x8d1abfd000 of 12288 bytes failed: Seule une partie d’une requête ReadProcessMemory ou WriteProcessMemory a été effectuée. (0x12B)
[0421/173919.150:ERROR:process_memory_win.cc(73)] ReadMemory at 0x8d1b3fd000 of 12288 bytes failed: Seule une partie d’une requête ReadProcessMemory ou WriteProcessMemory a été effectuée. (0x12B)
[0421/173919.150:ERROR:process_memory_win.cc(73)] ReadMemory at 0x8d1bbfd000 of 12288 bytes failed: Seule une partie d’une requête ReadProcessMemory ou WriteProcessMemory a été effectuée. (0x12B)
[0421/173919.150:ERROR:process_memory_win.cc(73)] ReadMemory at 0x8d13a0d000 of 852 bytes failed: Seule une partie d’une requête ReadProcessMemory ou WriteProcessMemory a été effectuée. (0x12B)
[0421/173919.150:ERROR:process_memory_win.cc(73)] ReadMemory at 0x8d13a0e000 of 6024 bytes failed: Seule une partie d’une requête ReadProcessMemory ou WriteProcessMemory a été effectuée. (0x12B)
[0421/173919.150:ERROR:process_memory_win.cc(73)] ReadMemory at 0x8d13a10000 of 6024 bytes failed: Seule une partie d’une requête ReadProcessMemory ou WriteProcessMemory a été effectuée. (0x12B)
[0421/173919.150:ERROR:process_memory_win.cc(73)] ReadMemory at 0x8d13a12000 of 6024 bytes failed: Seule une partie d’une requête ReadProcessMemory ou WriteProcessMemory a été effectuée. (0x12B)
[0421/173919.150:ERROR:process_memory_win.cc(73)] ReadMemory at 0x8d13a14000 of 6024 bytes failed: Seule une partie d’une requête ReadProcessMemory ou WriteProcessMemory a été effectuée. (0x12B)
[0421/173919.150:ERROR:process_memory_win.cc(73)] ReadMemory at 0x8d13a16000 of 6024 bytes failed: Seule une partie d’une requête ReadProcessMemory ou WriteProcessMemory a été effectuée. (0x12B)
[0421/173919.150:ERROR:process_memory_win.cc(73)] ReadMemory at 0x8d13a18000 of 6024 bytes failed: Seule une partie d’une requête ReadProcessMemory ou WriteProcessMemory a été effectuée. (0x12B)
[0421/173919.150:ERROR:process_memory_win.cc(73)] ReadMemory at 0x8d13a1a000 of 6024 bytes failed: Seule une partie d’une requête ReadProcessMemory ou WriteProcessMemory a été effectuée. (0x12B)
[0421/173919.150:ERROR:process_memory_win.cc(73)] ReadMemory at 0x8d13a1c000 of 6024 bytes failed: Seule une partie d’une requête ReadProcessMemory ou WriteProcessMemory a été effectuée. (0x12B)
[0421/173919.150:ERROR:process_memory_win.cc(73)] ReadMemory at 0x8d13a1e000 of 6024 bytes failed: Seule une partie d’une requête ReadProcessMemory ou WriteProcessMemory a été effectuée. (0x12B)
[0421/173919.150:ERROR:process_memory_win.cc(73)] ReadMemory at 0x8d13a20000 of 6024 bytes failed: Seule une partie d’une requête ReadProcessMemory ou WriteProcessMemory a été effectuée. (0x12B)
[0421/173919.150:ERROR:process_memory_win.cc(73)] ReadMemory at 0x8d13a22000 of 6024 bytes failed: Seule une partie d’une requête ReadProcessMemory ou WriteProcessMemory a été effectuée. (0x12B)
[0421/173919.150:ERROR:process_memory_win.cc(73)] ReadMemory at 0x8d13a24000 of 6024 bytes failed: Seule une partie d’une requête ReadProcessMemory ou WriteProcessMemory a été effectuée. (0x12B)
[0421/173919.150:ERROR:process_memory_win.cc(73)] ReadMemory at 0x8d13a26000 of 6024 bytes failed: Seule une partie d’une requête ReadProcessMemory ou WriteProcessMemory a été effectuée. (0x12B)
[0421/173919.150:ERROR:process_memory_win.cc(73)] ReadMemory at 0x8d13a28000 of 6024 bytes failed: Seule une partie d’une requête ReadProcessMemory ou WriteProcessMemory a été effectuée. (0x12B)
[0421/173919.150:ERROR:process_memory_win.cc(73)] ReadMemory at 0x8d13a2a000 of 6024 bytes failed: Seule une partie d’une requête ReadProcessMemory ou WriteProcessMemory a été effectuée. (0x12B)
[0421/173919.150:ERROR:process_memory_win.cc(73)] ReadMemory at 0x8d13a2c000 of 6024 bytes failed: Seule une partie d’une requête ReadProcessMemory ou WriteProcessMemory a été effectuée. (0x12B)
[0421/173919.150:ERROR:process_memory_win.cc(73)] ReadMemory at 0x18eddd10fe0 of 11986 bytes failed: Seule une partie d’une requête ReadProcessMemory ou WriteProcessMemory a été effectuée. (0x12B)
[0421/173919.150:ERROR:process_memory_win.cc(73)] ReadMemory at 0x18eddd13ec0 of 1012 bytes failed: Seule une partie d’une requête ReadProcessMemory ou WriteProcessMemory a été effectuée. (0x12B)
[0421/173919.150:ERROR:process_memory_win.cc(73)] ReadMemory at 0x18eddd14508 of 118 bytes failed: Seule une partie d’une requête ReadProcessMemory ou WriteProcessMemory a été effectuée. (0x12B)
[0421/173919.150:ERROR:process_memory_win.cc(73)] ReadMemory at 0x18eddd14580 of 758 bytes failed: Seule une partie d’une requête ReadProcessMemory ou WriteProcessMemory a été effectuée. (0x12B)
[0421/173919.150:ERROR:process_memory_win.cc(73)] ReadMemory at 0x18eddd14878 of 118 bytes failed: Seule une partie d’une requête ReadProcessMemory ou WriteProcessMemory a été effectuée. (0x12B)
[0421/173919.150:ERROR:process_memory_win.cc(73)] ReadMemory at 0x18eddd148f0 of 96 bytes failed: Seule une partie d’une requête ReadProcessMemory ou WriteProcessMemory a été effectuée. (0x12B)
[0421/173919.150:ERROR:process_memory_win.cc(73)] ReadMemory at 0x18eddd14960 of 58 bytes failed: Seule une partie d’une requête ReadProcessMemory ou WriteProcessMemory a été effectuée. (0x12B)
[0421/173919.150:ERROR:process_memory_win.cc(73)] ReadMemory at 0x18eddd14a60 of 132 bytes failed: Seule une partie d’une requête ReadProcessMemory ou WriteProcessMemory a été effectuée. (0x12B)
[0421/173919.150:ERROR:process_memory_win.cc(73)] ReadMemory at 0x18eddd14bf0 of 132 bytes failed: Seule une partie d’une requête ReadProcessMemory ou WriteProcessMemory a été effectuée. (0x12B)
[0421/173919.150:ERROR:process_memory_win.cc(73)] ReadMemory at 0x18eddd14db0 of 126 bytes failed: Seule une partie d’une requête ReadProcessMemory ou WriteProcessMemory a été effectuée. (0x12B)
[0421/173919.150:ERROR:process_memory_win.cc(73)] ReadMemory at 0x18eddd151a0 of 132 bytes failed: Seule une partie d’une requête ReadProcessMemory ou WriteProcessMemory a été effectuée. (0x12B)
[0421/173919.150:ERROR:process_memory_win.cc(73)] ReadMemory at 0x18eddd15330 of 64 bytes failed: Seule une partie d’une requête ReadProcessMemory ou WriteProcessMemory a été effectuée. (0x12B)
[0421/173919.150:ERROR:process_memory_win.cc(73)] ReadMemory at 0x18eddd15490 of 132 bytes failed: Seule une partie d’une requête ReadProcessMemory ou WriteProcessMemory a été effectuée. (0x12B)
[0421/173919.153:ERROR:process_memory_win.cc(73)] ReadMemory at 0x18eddd15620 of 62 bytes failed: Seule une partie d’une requête ReadProcessMemory ou WriteProcessMemory a été effectuée. (0x12B)
[0421/173919.153:ERROR:process_memory_win.cc(73)] ReadMemory at 0x18eddd15790 of 132 bytes failed: Seule une partie d’une requête ReadProcessMemory ou WriteProcessMemory a été effectuée. (0x12B)
[0421/173919.153:ERROR:process_memory_win.cc(73)] ReadMemory at 0x18eddd15920 of 68 bytes failed: Seule une partie d’une requête ReadProcessMemory ou WriteProcessMemory a été effectuée. (0x12B)
[0421/173919.153:ERROR:process_memory_win.cc(73)] ReadMemory at 0x18eddd225d0 of 132 bytes failed: Seule une partie d’une requête ReadProcessMemory ou WriteProcessMemory a été effectuée. (0x12B)
[0421/173919.153:ERROR:process_memory_win.cc(73)] ReadMemory at 0x18eddd227e0 of 132 bytes failed: Seule une partie d’une requête ReadProcessMemory ou WriteProcessMemory a été effectuée. (0x12B)
[0421/173919.153:ERROR:process_memory_win.cc(73)] ReadMemory at 0x18eddd22970 of 154 bytes failed: Seule une partie d’une requête ReadProcessMemory ou WriteProcessMemory a été effectuée. (0x12B)
[0421/173919.153:ERROR:process_memory_win.cc(73)] ReadMemory at 0x18eddd230c0 of 62 bytes failed: Seule une partie d’une requête ReadProcessMemory ou WriteProcessMemory a été effectuée. (0x12B)
[0421/173919.153:ERROR:process_memory_win.cc(73)] ReadMemory at 0x18eddd23160 of 64 bytes failed: Seule une partie d’une requête ReadProcessMemory ou WriteProcessMemory a été effectuée. (0x12B)
[0421/173919.153:ERROR:process_memory_win.cc(73)] ReadMemory at 0x18eddd23200 of 66 bytes failed: Seule une partie d’une requête ReadProcessMemory ou WriteProcessMemory a été effectuée. (0x12B)
[0421/173919.153:ERROR:process_memory_win.cc(73)] ReadMemory at 0x18eddd23250 of 64 bytes failed: Seule une partie d’une requête ReadProcessMemory ou WriteProcessMemory a été effectuée. (0x12B)
[0421/173919.154:ERROR:process_memory_win.cc(73)] ReadMemory at 0x18eddd232a0 of 64 bytes failed: Seule une partie d’une requête ReadProcessMemory ou WriteProcessMemory a été effectuée. (0x12B)
[0421/173919.154:ERROR:process_memory_win.cc(73)] ReadMemory at 0x18eddd23430 of 60 bytes failed: Seule une partie d’une requête ReadProcessMemory ou WriteProcessMemory a été effectuée. (0x12B)
[0421/173919.154:ERROR:process_memory_win.cc(73)] ReadMemory at 0x18eddd23610 of 60 bytes failed: Seule une partie d’une requête ReadProcessMemory ou WriteProcessMemory a été effectuée. (0x12B)
[0421/173919.154:ERROR:process_memory_win.cc(73)] ReadMemory at 0x18eddd237e0 of 132 bytes failed: Seule une partie d’une requête ReadProcessMemory ou WriteProcessMemory a été effectuée. (0x12B)
[0421/173919.154:ERROR:process_memory_win.cc(73)] ReadMemory at 0x18eddd23a10 of 132 bytes failed: Seule une partie d’une requête ReadProcessMemory ou WriteProcessMemory a été effectuée. (0x12B)
[0421/173919.154:ERROR:process_memory_win.cc(73)] ReadMemory at 0x18eddd24980 of 60 bytes failed: Seule une partie d’une requête ReadProcessMemory ou WriteProcessMemory a été effectuée. (0x12B)
[0421/173919.154:ERROR:process_memory_win.cc(73)] ReadMemory at 0x18eddd249d0 of 62 bytes failed: Seule une partie d’une requête ReadProcessMemory ou WriteProcessMemory a été effectuée. (0x12B)
[0421/173919.154:ERROR:process_memory_win.cc(73)] ReadMemory at 0x18eddd24a20 of 132 bytes failed: Seule une partie d’une requête ReadProcessMemory ou WriteProcessMemory a été effectuée. (0x12B)
[0421/173919.154:ERROR:process_memory_win.cc(73)] ReadMemory at 0x18eddd24bc0 of 132 bytes failed: Seule une partie d’une requête ReadProcessMemory ou WriteProcessMemory a été effectuée. (0x12B)
[0421/173919.154:ERROR:process_memory_win.cc(73)] ReadMemory at 0x18eddd2501c of 512 bytes failed: Seule une partie d’une requête ReadProcessMemory ou WriteProcessMemory a été effectuée. (0x12B)
[0421/173919.155:ERROR:process_memory_win.cc(73)] ReadMemory at 0x18eddd25db0 of 132 bytes failed: Seule une partie d’une requête ReadProcessMemory ou WriteProcessMemory a été effectuée. (0x12B)
[0421/173919.155:ERROR:process_memory_win.cc(73)] ReadMemory at 0x18eddd26340 of 132 bytes failed: Seule une partie d’une requête ReadProcessMemory ou WriteProcessMemory a été effectuée. (0x12B)
[0421/173919.155:ERROR:process_memory_win.cc(73)] ReadMemory at 0x18eddd26700 of 80 bytes failed: Seule une partie d’une requête ReadProcessMemory ou WriteProcessMemory a été effectuée. (0x12B)
[0421/173919.155:ERROR:process_memory_win.cc(73)] ReadMemory at 0x18eddd27550 of 132 bytes failed: Seule une partie d’une requête ReadProcessMemory ou WriteProcessMemory a été effectuée. (0x12B)
[0421/173919.155:ERROR:process_memory_win.cc(73)] ReadMemory at 0x18eddd277b0 of 132 bytes failed: Seule une partie d’une requête ReadProcessMemory ou WriteProcessMemory a été effectuée. (0x12B)
[0421/173919.155:ERROR:process_memory_win.cc(73)] ReadMemory at 0x18eddd278e0 of 132 bytes failed: Seule une partie d’une requête ReadProcessMemory ou WriteProcessMemory a été effectuée. (0x12B)
[0421/173919.155:ERROR:process_memory_win.cc(73)] ReadMemory at 0x18eddd27a10 of 132 bytes failed: Seule une partie d’une requête ReadProcessMemory ou WriteProcessMemory a été effectuée. (0x12B)
[0421/173919.155:ERROR:process_memory_win.cc(73)] ReadMemory at 0x18eddd27b40 of 132 bytes failed: Seule une partie d’une requête ReadProcessMemory ou WriteProcessMemory a été effectuée. (0x12B)
[0421/173919.155:ERROR:process_memory_win.cc(73)] ReadMemory at 0x18eddd27c70 of 132 bytes failed: Seule une partie d’une requête ReadProcessMemory ou WriteProcessMemory a été effectuée. (0x12B)
[0421/173919.155:ERROR:process_memory_win.cc(73)] ReadMemory at 0x18eddd27da0 of 132 bytes failed: Seule une partie d’une requête ReadProcessMemory ou WriteProcessMemory a été effectuée. (0x12B)
[0421/173919.155:ERROR:process_memory_win.cc(73)] ReadMemory at 0x18eddd27ed0 of 132 bytes failed: Seule une partie d’une requête ReadProcessMemory ou WriteProcessMemory a été effectuée. (0x12B)
[0421/173919.156:ERROR:process_memory_win.cc(73)] ReadMemory at 0x18eddd28000 of 132 bytes failed: Seule une partie d’une requête ReadProcessMemory ou WriteProcessMemory a été effectuée. (0x12B)
[0421/173919.156:ERROR:process_memory_win.cc(73)] ReadMemory at 0x18eddd28130 of 132 bytes failed: Seule une partie d’une requête ReadProcessMemory ou WriteProcessMemory a été effectuée. (0x12B)
[0421/173919.156:ERROR:process_memory_win.cc(73)] ReadMemory at 0x18eddd28260 of 132 bytes failed: Seule une partie d’une requête ReadProcessMemory ou WriteProcessMemory a été effectuée. (0x12B)
[0421/173919.156:ERROR:process_memory_win.cc(73)] ReadMemory at 0x18eddd28390 of 132 bytes failed: Seule une partie d’une requête ReadProcessMemory ou WriteProcessMemory a été effectuée. (0x12B)
[0421/173919.156:ERROR:process_memory_win.cc(73)] ReadMemory at 0x18eddd2a090 of 146 bytes failed: Seule une partie d’une requête ReadProcessMemory ou WriteProcessMemory a été effectuée. (0x12B)
[0421/173919.156:ERROR:process_memory_win.cc(73)] ReadMemory at 0x18eddd2bc80 of 132 bytes failed: Seule une partie d’une requête ReadProcessMemory ou WriteProcessMemory a été effectuée. (0x12B)
[0421/173919.156:ERROR:process_memory_win.cc(73)] ReadMemory at 0x18eddd2bea0 of 132 bytes failed: Seule une partie d’une requête ReadProcessMemory ou WriteProcessMemory a été effectuée. (0x12B)
[0421/173919.156:ERROR:process_memory_win.cc(73)] ReadMemory at 0x18eddd2d1e0 of 132 bytes failed: Seule une partie d’une requête ReadProcessMemory ou WriteProcessMemory a été effectuée. (0x12B)
[0421/173919.156:ERROR:process_memory_win.cc(73)] ReadMemory at 0x18eddd2d310 of 132 bytes failed: Seule une partie d’une requête ReadProcessMemory ou WriteProcessMemory a été effectuée. (0x12B)
[0421/173919.156:ERROR:process_memory_win.cc(73)] ReadMemory at 0x18eddd2dde0 of 512 bytes failed: Seule une partie d’une requête ReadProcessMemory ou WriteProcessMemory a été effectuée. (0x12B)
[0421/173919.156:ERROR:process_memory_win.cc(73)] ReadMemory at 0x18eddd30600 of 54 bytes failed: Seule une partie d’une requête ReadProcessMemory ou WriteProcessMemory a été effectuée. (0x12B)
[0421/173919.156:ERROR:process_memory_win.cc(73)] ReadMemory at 0x18eddd31160 of 64 bytes failed: Seule une partie d’une requête ReadProcessMemory ou WriteProcessMemory a été effectuée. (0x12B)
[0421/173919.157:ERROR:process_memory_win.cc(73)] ReadMemory at 0x18eddd311b0 of 62 bytes failed: Seule une partie d’une requête ReadProcessMemory ou WriteProcessMemory a été effectuée. (0x12B)
[0421/173919.157:ERROR:process_memory_win.cc(73)] ReadMemory at 0x18eddd31200 of 64 bytes failed: Seule une partie d’une requête ReadProcessMemory ou WriteProcessMemory a été effectuée. (0x12B)
[0421/173919.157:ERROR:process_memory_win.cc(73)] ReadMemory at 0x18eddd31250 of 60 bytes failed: Seule une partie d’une requête ReadProcessMemory ou WriteProcessMemory a été effectuée. (0x12B)
[0421/173919.157:ERROR:process_memory_win.cc(73)] ReadMemory at 0x18eddd31520 of 64 bytes failed: Seule une partie d’une requête ReadProcessMemory ou WriteProcessMemory a été effectuée. (0x12B)
[0421/173919.157:ERROR:process_memory_win.cc(73)] ReadMemory at 0x18eddd31570 of 64 bytes failed: Seule une partie d’une requête ReadProcessMemory ou WriteProcessMemory a été effectuée. (0x12B)
[0421/173919.157:ERROR:process_memory_win.cc(73)] ReadMemory at 0x18eddd315c0 of 62 bytes failed: Seule une partie d’une requête ReadProcessMemory ou WriteProcessMemory a été effectuée. (0x12B)
[0421/173919.157:ERROR:process_memory_win.cc(73)] ReadMemory at 0x18eddd31610 of 64 bytes failed: Seule une partie d’une requête ReadProcessMemory ou WriteProcessMemory a été effectuée. (0x12B)
[0421/173919.157:ERROR:process_memory_win.cc(73)] ReadMemory at 0x18eddd31660 of 62 bytes failed: Seule une partie d’une requête ReadProcessMemory ou WriteProcessMemory a été effectuée. (0x12B)
[0421/173919.157:ERROR:process_memory_win.cc(73)] ReadMemory at 0x18eddd316b0 of 62 bytes failed: Seule une partie d’une requête ReadProcessMemory ou WriteProcessMemory a été effectuée. (0x12B)
[0421/173919.157:ERROR:process_memory_win.cc(73)] ReadMemory at 0x18eddd31700 of 66 bytes failed: Seule une partie d’une requête ReadProcessMemory ou WriteProcessMemory a été effectuée. (0x12B)
[0421/173919.157:ERROR:process_memory_win.cc(73)] ReadMemory at 0x18eddd317f0 of 60 bytes failed: Seule une partie d’une requête ReadProcessMemory ou WriteProcessMemory a été effectuée. (0x12B)
[0421/173919.157:ERROR:process_memory_win.cc(73)] ReadMemory at 0x18eddd31840 of 62 bytes failed: Seule une partie d’une requête ReadProcessMemory ou WriteProcessMemory a été effectuée. (0x12B)
[0421/173919.157:ERROR:process_memory_win.cc(73)] ReadMemory at 0x18eddd31a20 of 62 bytes failed: Seule une partie d’une requête ReadProcessMemory ou WriteProcessMemory a été effectuée. (0x12B)
[0421/173919.157:ERROR:process_memory_win.cc(73)] ReadMemory at 0x18eddd31a70 of 62 bytes failed: Seule une partie d’une requête ReadProcessMemory ou WriteProcessMemory a été effectuée. (0x12B)
[0421/173919.157:ERROR:process_memory_win.cc(73)] ReadMemory at 0x18eddd31b60 of 58 bytes failed: Seule une partie d’une requête ReadProcessMemory ou WriteProcessMemory a été effectuée. (0x12B)
[0421/173919.158:ERROR:process_memory_win.cc(73)] ReadMemory at 0x18eddd31bb0 of 60 bytes failed: Seule une partie d’une requête ReadProcessMemory ou WriteProcessMemory a été effectuée. (0x12B)
[0421/173919.158:ERROR:process_memory_win.cc(73)] ReadMemory at 0x18eddd31ca0 of 60 bytes failed: Seule une partie d’une requête ReadProcessMemory ou WriteProcessMemory a été effectuée. (0x12B)
[0421/173919.158:ERROR:process_memory_win.cc(73)] ReadMemory at 0x18eddd31d40 of 62 bytes failed: Seule une partie d’une requête ReadProcessMemory ou WriteProcessMemory a été effectuée. (0x12B)
[0421/173919.158:ERROR:process_memory_win.cc(73)] ReadMemory at 0x18eddd31f70 of 62 bytes failed: Seule une partie d’une requête ReadProcessMemory ou WriteProcessMemory a été effectuée. (0x12B)
[0421/173919.158:ERROR:process_memory_win.cc(73)] ReadMemory at 0x18eddd32030 of 76 bytes failed: Seule une partie d’une requête ReadProcessMemory ou WriteProcessMemory a été effectuée. (0x12B)
[0421/173919.158:ERROR:process_memory_win.cc(73)] ReadMemory at 0x18eddd32ed0 of 80 bytes failed: Seule une partie d’une requête ReadProcessMemory ou WriteProcessMemory a été effectuée. (0x12B)
[0421/173919.158:ERROR:process_memory_win.cc(73)] ReadMemory at 0x18eddd33040 of 132 bytes failed: Seule une partie d’une requête ReadProcessMemory ou WriteProcessMemory a été effectuée. (0x12B)
[0421/173919.158:ERROR:process_memory_win.cc(73)] ReadMemory at 0x18eddd33170 of 132 bytes failed: Seule une partie d’une requête ReadProcessMemory ou WriteProcessMemory a été effectuée. (0x12B)
[0421/173919.158:ERROR:process_memory_win.cc(73)] ReadMemory at 0x18eddd332a0 of 132 bytes failed: Seule une partie d’une requête ReadProcessMemory ou WriteProcessMemory a été effectuée. (0x12B)
[0421/173919.158:ERROR:process_memory_win.cc(73)] ReadMemory at 0x18eddd333d0 of 132 bytes failed: Seule une partie d’une requête ReadProcessMemory ou WriteProcessMemory a été effectuée. (0x12B)
[0421/173919.158:ERROR:process_memory_win.cc(73)] ReadMemory at 0x18eddd33760 of 132 bytes failed: Seule une partie d’une requête ReadProcessMemory ou WriteProcessMemory a été effectuée. (0x12B)
[0421/173919.158:ERROR:process_memory_win.cc(73)] ReadMemory at 0x18eddd33890 of 132 bytes failed: Seule une partie d’une requête ReadProcessMemory ou WriteProcessMemory a été effectuée. (0x12B)
[0421/173919.158:ERROR:process_memory_win.cc(73)] ReadMemory at 0x18eddd33af0 of 132 bytes failed: Seule une partie d’une requête ReadProcessMemory ou WriteProcessMemory a été effectuée. (0x12B)
[0421/173919.158:ERROR:process_memory_win.cc(73)] ReadMemory at 0x18eddd33c20 of 132 bytes failed: Seule une partie d’une requête ReadProcessMemory ou WriteProcessMemory a été effectuée. (0x12B)
[0421/173919.158:ERROR:process_memory_win.cc(73)] ReadMemory at 0x18eddd34800 of 132 bytes failed: Seule une partie d’une requête ReadProcessMemory ou WriteProcessMemory a été effectuée. (0x12B)
[0421/173919.158:ERROR:process_memory_win.cc(73)] ReadMemory at 0x18eddd34930 of 132 bytes failed: Seule une partie d’une requête ReadProcessMemory ou WriteProcessMemory a été effectuée. (0x12B)
[0421/173919.158:ERROR:process_memory_win.cc(73)] ReadMemory at 0x18eddd34b90 of 132 bytes failed: Seule une partie d’une requête ReadProcessMemory ou WriteProcessMemory a été effectuée. (0x12B)
[0421/173919.159:ERROR:process_memory_win.cc(73)] ReadMemory at 0x18eddd4b9b0 of 512 bytes failed: Seule une partie d’une requête ReadProcessMemory ou WriteProcessMemory a été effectuée. (0x12B)
[0421/173919.159:ERROR:process_memory_win.cc(73)] ReadMemory at 0x18ede320ca0 of 512 bytes failed: Seule une partie d’une requête ReadProcessMemory ou WriteProcessMemory a été effectuée. (0x12B)
[0421/173919.159:ERROR:process_memory_win.cc(73)] ReadMemory at 0x18ede39c7e0 of 512 bytes failed: Seule une partie d’une requête ReadProcessMemory ou WriteProcessMemory a été effectuée. (0x12B)
[0421/173919.159:ERROR:process_memory_win.cc(73)] ReadMemory at 0x18ede3a2ca0 of 512 bytes failed: Seule une partie d’une requête ReadProcessMemory ou WriteProcessMemory a été effectuée. (0x12B)
[0421/173919.159:ERROR:process_memory_win.cc(73)] ReadMemory at 0x18ede3a2ee0 of 512 bytes failed: Seule une partie d’une requête ReadProcessMemory ou WriteProcessMemory a été effectuée. (0x12B)
[0421/173919.159:ERROR:process_memory_win.cc(73)] ReadMemory at 0x18ede3aee60 of 512 bytes failed: Seule une partie d’une requête ReadProcessMemory ou WriteProcessMemory a été effectuée. (0x12B)
[0421/173919.159:ERROR:process_memory_win.cc(73)] ReadMemory at 0x18ede3b23c0 of 512 bytes failed: Seule une partie d’une requête ReadProcessMemory ou WriteProcessMemory a été effectuée. (0x12B)
[0421/173919.159:ERROR:process_memory_win.cc(73)] ReadMemory at 0x18ede3ba850 of 512 bytes failed: Seule une partie d’une requête ReadProcessMemory ou WriteProcessMemory a été effectuée. (0x12B)
[0421/173919.159:ERROR:process_memory_win.cc(73)] ReadMemory at 0x18ede3cbab0 of 712 bytes failed: Seule une partie d’une requête ReadProcessMemory ou WriteProcessMemory a été effectuée. (0x12B)
[0421/173919.159:ERROR:process_memory_win.cc(73)] ReadMemory at 0x18ede48a1e0 of 512 bytes failed: Seule une partie d’une requête ReadProcessMemory ou WriteProcessMemory a été effectuée. (0x12B)
[0421/173919.159:ERROR:process_memory_win.cc(73)] ReadMemory at 0x18edfb05370 of 512 bytes failed: Seule une partie d’une requête ReadProcessMemory ou WriteProcessMemory a été effectuée. (0x12B)
[0421/173919.159:ERROR:process_memory_win.cc(73)] ReadMemory at 0x18edfb3aee0 of 512 bytes failed: Seule une partie d’une requête ReadProcessMemory ou WriteProcessMemory a été effectuée. (0x12B)
[0421/173919.159:ERROR:process_memory_win.cc(73)] ReadMemory at 0x18edfb449e0 of 512 bytes failed: Seule une partie d’une requête ReadProcessMemory ou WriteProcessMemory a été effectuée. (0x12B)
[0421/173919.159:ERROR:process_memory_win.cc(73)] ReadMemory at 0x18edfc84880 of 512 bytes failed: Seule une partie d’une requête ReadProcessMemory ou WriteProcessMemory a été effectuée. (0x12B)
[0421/173919.159:ERROR:process_memory_win.cc(73)] ReadMemory at 0x18edfc9b278 of 512 bytes failed: Seule une partie d’une requête ReadProcessMemory ou WriteProcessMemory a été effectuée. (0x12B)
[0421/173919.159:ERROR:process_memory_win.cc(73)] ReadMemory at 0x18edfc9d6d0 of 512 bytes failed: Seule une partie d’une requête ReadProcessMemory ou WriteProcessMemory a été effectuée. (0x12B)
[0421/173919.159:ERROR:process_memory_win.cc(73)] ReadMemory at 0x18ee00393f0 of 512 bytes failed: Seule une partie d’une requête ReadProcessMemory ou WriteProcessMemory a été effectuée. (0x12B)
[0421/173919.159:ERROR:process_memory_win.cc(73)] ReadMemory at 0x7ffddadd2bec of 512 bytes failed: Seule une partie d’une requête ReadProcessMemory ou WriteProcessMemory a été effectuée. (0x12B)
[0421/173919.159:ERROR:process_memory_win.cc(73)] ReadMemory at 0x7ffddd40870c of 512 bytes failed: Seule une partie d’une requête ReadProcessMemory ou WriteProcessMemory a été effectuée. (0x12B)
[0421/173919.159:ERROR:process_memory_win.cc(73)] ReadMemory at 0x7ffdddae3700 of 553 bytes failed: Seule une partie d’une requête ReadProcessMemory ou WriteProcessMemory a été effectuée. (0x12B)
[0421/173919.159:ERROR:process_memory_win.cc(73)] ReadMemory at 0x7ffe59bbb720 of 512 bytes failed: Seule une partie d’une requête ReadProcessMemory ou WriteProcessMemory a été effectuée. (0x12B)
[0421/173919.159:ERROR:process_memory_win.cc(73)] ReadMemory at 0x7ffe5bc1c0c4 of 512 bytes failed: Seule une partie d’une requête ReadProcessMemory ou WriteProcessMemory a été effectuée. (0x12B)
[0421/173919.161:ERROR:process_memory_win.cc(73)] ReadMemory at 0x7ffe5bc1c6c4 of 512 bytes failed: Seule une partie d’une requête ReadProcessMemory ou WriteProcessMemory a été effectuée. (0x12B)
[0421/173919.161:ERROR:process_memory_win.cc(73)] ReadMemory at 0x7ffe5bc1f974 of 608 bytes failed: Seule une partie d’une requête ReadProcessMemory ou WriteProcessMemory a été effectuée. (0x12B)
[0421/173919.161:ERROR:process_memory_win.cc(73)] ReadMemory at 0x7ffe5bcac428 of 18 bytes failed: Seule une partie d’une requête ReadProcessMemory ou WriteProcessMemory a été effectuée. (0x12B)
[0421/173919.161:ERROR:process_memory_win.cc(73)] ReadMemory at 0x7ffe5bcdf4f8 of 40 bytes failed: Seule une partie d’une requête ReadProcessMemory ou WriteProcessMemory a été effectuée. (0x12B)
[0421/173919.161:ERROR:process_memory_win.cc(73)] ReadMemory at 0x7ffe5bcdf978 of 48 bytes failed: Seule une partie d’une requête ReadProcessMemory ou WriteProcessMemory a été effectuée. (0x12B)
[0421/173919.161:ERROR:process_memory_win.cc(73)] ReadMemory at 0x7ffe5bce53c0 of 64 bytes failed: Seule une partie d’une requête ReadProcessMemory ou WriteProcessMemory a été effectuée. (0x12B)
[0421/173919.162:ERROR:scoped_process_suspend.cc(40)] NtResumeProcess: Tentative d’accès à un processus en cours d’arrêt. (0xc000010a)
